14 : 38 : 27 [error] <socket> : TypeError [ERR_INVALID_ARG_TYPE]: The "listener" argument must be of type function. Received undefined
16 : 53 : 07 [error] <socket> : TypeError: connections.has is not a function
16 : 54 : 50 [error] <socket> : TypeError: connections.has is not a function
16 : 58 : 44 [error] <socket> : TypeError: undefined is not iterable (cannot read property Symbol(Symbol.iterator))
16 : 58 : 45 [error] <socket> : TypeError: undefined is not iterable (cannot read property Symbol(Symbol.iterator))
17 : 02 : 19 [error] <socket> : TypeError: undefined is not iterable (cannot read property Symbol(Symbol.iterator))
17 : 06 : 56 [error] <socket> : TypeError: undefined is not iterable (cannot read property Symbol(Symbol.iterator))
17 : 08 : 20 [error] <socket> : TypeError: undefined is not iterable (cannot read property Symbol(Symbol.iterator))
17 : 08 : 30 [error] <socket> : TypeError: undefined is not iterable (cannot read property Symbol(Symbol.iterator))
17 : 08 : 40 [error] <socket> : TypeError: undefined is not iterable (cannot read property Symbol(Symbol.iterator))
17 : 08 : 50 [error] <socket> : TypeError: undefined is not iterable (cannot read property Symbol(Symbol.iterator))
17 : 09 : 00 [error] <socket> : TypeError: undefined is not iterable (cannot read property Symbol(Symbol.iterator))
17 : 09 : 10 [error] <socket> : TypeError: undefined is not iterable (cannot read property Symbol(Symbol.iterator))
17 : 09 : 20 [error] <socket> : TypeError: undefined is not iterable (cannot read property Symbol(Symbol.iterator))
17 : 09 : 30 [error] <socket> : TypeError: undefined is not iterable (cannot read property Symbol(Symbol.iterator))
17 : 09 : 40 [error] <socket> : TypeError: undefined is not iterable (cannot read property Symbol(Symbol.iterator))
17 : 09 : 50 [error] <socket> : TypeError: undefined is not iterable (cannot read property Symbol(Symbol.iterator))
17 : 10 : 09 [error] <socket> : TypeError: undefined is not iterable (cannot read property Symbol(Symbol.iterator))
17 : 10 : 19 [error] <socket> : TypeError: undefined is not iterable (cannot read property Symbol(Symbol.iterator))
17 : 10 : 29 [error] <socket> : TypeError: undefined is not iterable (cannot read property Symbol(Symbol.iterator))
17 : 10 : 39 [error] <socket> : TypeError: undefined is not iterable (cannot read property Symbol(Symbol.iterator))
17 : 10 : 49 [error] <socket> : TypeError: undefined is not iterable (cannot read property Symbol(Symbol.iterator))
17 : 10 : 59 [error] <socket> : TypeError: undefined is not iterable (cannot read property Symbol(Symbol.iterator))
17 : 11 : 09 [error] <socket> : TypeError: undefined is not iterable (cannot read property Symbol(Symbol.iterator))
17 : 11 : 26 [error] <socket> : TypeError: undefined is not iterable (cannot read property Symbol(Symbol.iterator))
17 : 11 : 36 [error] <socket> : TypeError: undefined is not iterable (cannot read property Symbol(Symbol.iterator))
17 : 11 : 46 [error] <socket> : TypeError: undefined is not iterable (cannot read property Symbol(Symbol.iterator))
17 : 11 : 52 [error] <socket> : TypeError: undefined is not iterable (cannot read property Symbol(Symbol.iterator))
17 : 11 : 53 [error] <socket> : TypeError: undefined is not iterable (cannot read property Symbol(Symbol.iterator))
17 : 11 : 54 [error] <socket> : TypeError: undefined is not iterable (cannot read property Symbol(Symbol.iterator))
17 : 11 : 55 [error] <socket> : TypeError: undefined is not iterable (cannot read property Symbol(Symbol.iterator))
17 : 11 : 56 [error] <socket> : TypeError: undefined is not iterable (cannot read property Symbol(Symbol.iterator))
17 : 11 : 57 [error] <socket> : TypeError: undefined is not iterable (cannot read property Symbol(Symbol.iterator))
17 : 11 : 58 [error] <socket> : TypeError: undefined is not iterable (cannot read property Symbol(Symbol.iterator))
17 : 11 : 59 [error] <socket> : TypeError: undefined is not iterable (cannot read property Symbol(Symbol.iterator))
17 : 12 : 00 [error] <socket> : TypeError: undefined is not iterable (cannot read property Symbol(Symbol.iterator))
17 : 12 : 01 [error] <socket> : TypeError: undefined is not iterable (cannot read property Symbol(Symbol.iterator))
17 : 12 : 02 [error] <socket> : TypeError: undefined is not iterable (cannot read property Symbol(Symbol.iterator))
17 : 12 : 03 [error] <socket> : TypeError: undefined is not iterable (cannot read property Symbol(Symbol.iterator))
17 : 12 : 04 [error] <socket> : TypeError: undefined is not iterable (cannot read property Symbol(Symbol.iterator))
17 : 12 : 05 [error] <socket> : TypeError: undefined is not iterable (cannot read property Symbol(Symbol.iterator))
17 : 12 : 06 [error] <socket> : TypeError: undefined is not iterable (cannot read property Symbol(Symbol.iterator))
17 : 12 : 07 [error] <socket> : TypeError: undefined is not iterable (cannot read property Symbol(Symbol.iterator))
17 : 12 : 08 [error] <socket> : TypeError: undefined is not iterable (cannot read property Symbol(Symbol.iterator))
17 : 12 : 09 [error] <socket> : TypeError: undefined is not iterable (cannot read property Symbol(Symbol.iterator))
17 : 12 : 10 [error] <socket> : TypeError: undefined is not iterable (cannot read property Symbol(Symbol.iterator))
17 : 12 : 11 [error] <socket> : TypeError: undefined is not iterable (cannot read property Symbol(Symbol.iterator))
17 : 12 : 12 [error] <socket> : TypeError: undefined is not iterable (cannot read property Symbol(Symbol.iterator))
17 : 12 : 13 [error] <socket> : TypeError: undefined is not iterable (cannot read property Symbol(Symbol.iterator))
17 : 12 : 14 [error] <socket> : TypeError: undefined is not iterable (cannot read property Symbol(Symbol.iterator))
17 : 12 : 15 [error] <socket> : TypeError: undefined is not iterable (cannot read property Symbol(Symbol.iterator))
17 : 12 : 16 [error] <socket> : TypeError: undefined is not iterable (cannot read property Symbol(Symbol.iterator))
17 : 12 : 17 [error] <socket> : TypeError: undefined is not iterable (cannot read property Symbol(Symbol.iterator))
17 : 12 : 18 [error] <socket> : TypeError: undefined is not iterable (cannot read property Symbol(Symbol.iterator))
17 : 12 : 19 [error] <socket> : TypeError: undefined is not iterable (cannot read property Symbol(Symbol.iterator))
17 : 12 : 20 [error] <socket> : TypeError: undefined is not iterable (cannot read property Symbol(Symbol.iterator))
17 : 12 : 21 [error] <socket> : TypeError: undefined is not iterable (cannot read property Symbol(Symbol.iterator))
17 : 12 : 22 [error] <socket> : TypeError: undefined is not iterable (cannot read property Symbol(Symbol.iterator))
17 : 12 : 23 [error] <socket> : TypeError: undefined is not iterable (cannot read property Symbol(Symbol.iterator))
17 : 12 : 24 [error] <socket> : TypeError: undefined is not iterable (cannot read property Symbol(Symbol.iterator))
17 : 12 : 25 [error] <socket> : TypeError: undefined is not iterable (cannot read property Symbol(Symbol.iterator))
17 : 12 : 26 [error] <socket> : TypeError: undefined is not iterable (cannot read property Symbol(Symbol.iterator))
17 : 12 : 27 [error] <socket> : TypeError: undefined is not iterable (cannot read property Symbol(Symbol.iterator))
17 : 12 : 28 [error] <socket> : TypeError: undefined is not iterable (cannot read property Symbol(Symbol.iterator))
17 : 12 : 29 [error] <socket> : TypeError: undefined is not iterable (cannot read property Symbol(Symbol.iterator))
17 : 12 : 30 [error] <socket> : TypeError: undefined is not iterable (cannot read property Symbol(Symbol.iterator))
17 : 12 : 31 [error] <socket> : TypeError: undefined is not iterable (cannot read property Symbol(Symbol.iterator))
17 : 12 : 32 [error] <socket> : TypeError: undefined is not iterable (cannot read property Symbol(Symbol.iterator))
17 : 12 : 33 [error] <socket> : TypeError: undefined is not iterable (cannot read property Symbol(Symbol.iterator))
17 : 12 : 34 [error] <socket> : TypeError: undefined is not iterable (cannot read property Symbol(Symbol.iterator))
17 : 12 : 35 [error] <socket> : TypeError: undefined is not iterable (cannot read property Symbol(Symbol.iterator))
17 : 12 : 36 [error] <socket> : TypeError: undefined is not iterable (cannot read property Symbol(Symbol.iterator))
17 : 12 : 37 [error] <socket> : TypeError: undefined is not iterable (cannot read property Symbol(Symbol.iterator))
17 : 12 : 38 [error] <socket> : TypeError: undefined is not iterable (cannot read property Symbol(Symbol.iterator))
17 : 12 : 39 [error] <socket> : TypeError: undefined is not iterable (cannot read property Symbol(Symbol.iterator))
17 : 12 : 40 [error] <socket> : TypeError: undefined is not iterable (cannot read property Symbol(Symbol.iterator))
17 : 12 : 41 [error] <socket> : TypeError: undefined is not iterable (cannot read property Symbol(Symbol.iterator))
17 : 12 : 42 [error] <socket> : TypeError: undefined is not iterable (cannot read property Symbol(Symbol.iterator))
17 : 12 : 43 [error] <socket> : TypeError: undefined is not iterable (cannot read property Symbol(Symbol.iterator))
17 : 12 : 44 [error] <socket> : TypeError: undefined is not iterable (cannot read property Symbol(Symbol.iterator))
17 : 12 : 45 [error] <socket> : TypeError: undefined is not iterable (cannot read property Symbol(Symbol.iterator))
17 : 12 : 46 [error] <socket> : TypeError: undefined is not iterable (cannot read property Symbol(Symbol.iterator))
17 : 12 : 47 [error] <socket> : TypeError: undefined is not iterable (cannot read property Symbol(Symbol.iterator))
17 : 12 : 48 [error] <socket> : TypeError: undefined is not iterable (cannot read property Symbol(Symbol.iterator))
17 : 12 : 50 [error] <socket> : TypeError: undefined is not iterable (cannot read property Symbol(Symbol.iterator))
17 : 12 : 51 [error] <socket> : TypeError: undefined is not iterable (cannot read property Symbol(Symbol.iterator))
17 : 12 : 52 [error] <socket> : TypeError: undefined is not iterable (cannot read property Symbol(Symbol.iterator))
17 : 12 : 53 [error] <socket> : TypeError: undefined is not iterable (cannot read property Symbol(Symbol.iterator))
17 : 12 : 54 [error] <socket> : TypeError: undefined is not iterable (cannot read property Symbol(Symbol.iterator))
17 : 12 : 55 [error] <socket> : TypeError: undefined is not iterable (cannot read property Symbol(Symbol.iterator))
17 : 12 : 56 [error] <socket> : TypeError: undefined is not iterable (cannot read property Symbol(Symbol.iterator))
17 : 12 : 57 [error] <socket> : TypeError: undefined is not iterable (cannot read property Symbol(Symbol.iterator))
17 : 12 : 58 [error] <socket> : TypeError: undefined is not iterable (cannot read property Symbol(Symbol.iterator))
17 : 12 : 59 [error] <socket> : TypeError: undefined is not iterable (cannot read property Symbol(Symbol.iterator))
17 : 13 : 00 [error] <socket> : TypeError: undefined is not iterable (cannot read property Symbol(Symbol.iterator))
17 : 13 : 01 [error] <socket> : TypeError: undefined is not iterable (cannot read property Symbol(Symbol.iterator))
17 : 13 : 02 [error] <socket> : TypeError: undefined is not iterable (cannot read property Symbol(Symbol.iterator))
17 : 13 : 03 [error] <socket> : TypeError: undefined is not iterable (cannot read property Symbol(Symbol.iterator))
17 : 13 : 04 [error] <socket> : TypeError: undefined is not iterable (cannot read property Symbol(Symbol.iterator))
17 : 13 : 05 [error] <socket> : TypeError: undefined is not iterable (cannot read property Symbol(Symbol.iterator))
17 : 13 : 06 [error] <socket> : TypeError: undefined is not iterable (cannot read property Symbol(Symbol.iterator))
17 : 13 : 07 [error] <socket> : TypeError: undefined is not iterable (cannot read property Symbol(Symbol.iterator))
17 : 13 : 08 [error] <socket> : TypeError: undefined is not iterable (cannot read property Symbol(Symbol.iterator))
17 : 13 : 09 [error] <socket> : TypeError: undefined is not iterable (cannot read property Symbol(Symbol.iterator))
17 : 13 : 10 [error] <socket> : TypeError: undefined is not iterable (cannot read property Symbol(Symbol.iterator))
17 : 13 : 11 [error] <socket> : TypeError: undefined is not iterable (cannot read property Symbol(Symbol.iterator))
17 : 13 : 12 [error] <socket> : TypeError: undefined is not iterable (cannot read property Symbol(Symbol.iterator))
17 : 13 : 13 [error] <socket> : TypeError: undefined is not iterable (cannot read property Symbol(Symbol.iterator))
17 : 13 : 14 [error] <socket> : TypeError: undefined is not iterable (cannot read property Symbol(Symbol.iterator))
17 : 13 : 15 [error] <socket> : TypeError: undefined is not iterable (cannot read property Symbol(Symbol.iterator))
17 : 13 : 16 [error] <socket> : TypeError: undefined is not iterable (cannot read property Symbol(Symbol.iterator))
17 : 13 : 17 [error] <socket> : TypeError: undefined is not iterable (cannot read property Symbol(Symbol.iterator))
17 : 13 : 18 [error] <socket> : TypeError: undefined is not iterable (cannot read property Symbol(Symbol.iterator))
17 : 13 : 19 [error] <socket> : TypeError: undefined is not iterable (cannot read property Symbol(Symbol.iterator))
17 : 13 : 20 [error] <socket> : TypeError: undefined is not iterable (cannot read property Symbol(Symbol.iterator))
17 : 13 : 21 [error] <socket> : TypeError: undefined is not iterable (cannot read property Symbol(Symbol.iterator))
17 : 13 : 22 [error] <socket> : TypeError: undefined is not iterable (cannot read property Symbol(Symbol.iterator))
17 : 13 : 23 [error] <socket> : TypeError: undefined is not iterable (cannot read property Symbol(Symbol.iterator))
17 : 13 : 24 [error] <socket> : TypeError: undefined is not iterable (cannot read property Symbol(Symbol.iterator))
17 : 13 : 25 [error] <socket> : TypeError: undefined is not iterable (cannot read property Symbol(Symbol.iterator))
17 : 13 : 26 [error] <socket> : TypeError: undefined is not iterable (cannot read property Symbol(Symbol.iterator))
17 : 13 : 27 [error] <socket> : TypeError: undefined is not iterable (cannot read property Symbol(Symbol.iterator))
17 : 13 : 28 [error] <socket> : TypeError: undefined is not iterable (cannot read property Symbol(Symbol.iterator))
17 : 13 : 29 [error] <socket> : TypeError: undefined is not iterable (cannot read property Symbol(Symbol.iterator))
17 : 13 : 30 [error] <socket> : TypeError: undefined is not iterable (cannot read property Symbol(Symbol.iterator))
17 : 13 : 31 [error] <socket> : TypeError: undefined is not iterable (cannot read property Symbol(Symbol.iterator))
17 : 13 : 32 [error] <socket> : TypeError: undefined is not iterable (cannot read property Symbol(Symbol.iterator))
17 : 13 : 33 [error] <socket> : TypeError: undefined is not iterable (cannot read property Symbol(Symbol.iterator))
17 : 13 : 34 [error] <socket> : TypeError: undefined is not iterable (cannot read property Symbol(Symbol.iterator))
17 : 13 : 35 [error] <socket> : TypeError: undefined is not iterable (cannot read property Symbol(Symbol.iterator))
17 : 13 : 47 [error] <socket> : TypeError: undefined is not iterable (cannot read property Symbol(Symbol.iterator))
17 : 13 : 57 [error] <socket> : TypeError: undefined is not iterable (cannot read property Symbol(Symbol.iterator))
17 : 14 : 07 [error] <socket> : TypeError: undefined is not iterable (cannot read property Symbol(Symbol.iterator))
17 : 14 : 17 [error] <socket> : TypeError: undefined is not iterable (cannot read property Symbol(Symbol.iterator))
17 : 14 : 27 [error] <socket> : TypeError: undefined is not iterable (cannot read property Symbol(Symbol.iterator))
17 : 14 : 37 [error] <socket> : TypeError: undefined is not iterable (cannot read property Symbol(Symbol.iterator))
17 : 14 : 47 [error] <socket> : TypeError: undefined is not iterable (cannot read property Symbol(Symbol.iterator))
17 : 16 : 56 [error] <socket> : TypeError: connections.has is not a function
17 : 18 : 46 [error] <socket> : TypeError: connections.has is not a function
17 : 21 : 26 [error] <socket> : TypeError: connections.get is not a function
17 : 30 : 13 [error] <socket> : TypeError: connections.get is not a function
18 : 04 : 32 [error] <socket> : TypeError: connections.get is not a function
18 : 06 : 48 [error] <socket> : TypeError: connections.delete is not a function
19 : 35 : 13 [error] <socket> : TypeError: connections.get is not a function
19 : 35 : 28 [error] <socket> : TypeError: Cannot read properties of undefined (reading 'ws')
19 : 45 : 40 [error] <socket> : TypeError: connections.get is not a function
19 : 45 : 49 [error] <socket> : TypeError: Cannot read properties of undefined (reading 'ws')
19 : 48 : 07 [error] <socket> : TypeError: connections.get is not a function
19 : 50 : 20 [error] <socket> : TypeError: connections.has is not a function
19 : 52 : 14 [error] <socket> : TypeError: Cannot read properties of undefined (reading 'find')
19 : 52 : 21 [error] <socket> : TypeError: Cannot read properties of undefined (reading 'find')
19 : 52 : 24 [error] <socket> : TypeError: Cannot read properties of undefined (reading 'find')
19 : 52 : 28 [error] <socket> : TypeError: Cannot read properties of undefined (reading 'find')
19 : 52 : 36 [error] <socket> : TypeError: Cannot read properties of undefined (reading 'find')
19 : 52 : 40 [error] <socket> : TypeError: Cannot read properties of undefined (reading 'find')
19 : 52 : 47 [error] <socket> : TypeError: connections.has is not a function
20 : 14 : 11 [error] <socket> : TypeError: undefined is not iterable (cannot read property Symbol(Symbol.iterator))
20 : 19 : 49 [error] <socket> : TypeError: undefined is not iterable (cannot read property Symbol(Symbol.iterator))
20 : 19 : 50 [error] <socket> : TypeError: undefined is not iterable (cannot read property Symbol(Symbol.iterator))
20 : 19 : 50 [error] <socket> : TypeError: undefined is not iterable (cannot read property Symbol(Symbol.iterator))
20 : 19 : 51 [error] <socket> : TypeError: undefined is not iterable (cannot read property Symbol(Symbol.iterator))
20 : 19 : 51 [error] <socket> : TypeError: undefined is not iterable (cannot read property Symbol(Symbol.iterator))
20 : 19 : 51 [error] <socket> : TypeError: undefined is not iterable (cannot read property Symbol(Symbol.iterator))
20 : 31 : 32 [error] <socket> : TypeError: Cannot read properties of undefined (reading 'find')
20 : 31 : 43 [error] <socket> : TypeError: undefined is not iterable (cannot read property Symbol(Symbol.iterator))
20 : 31 : 45 [error] <socket> : TypeError: undefined is not iterable (cannot read property Symbol(Symbol.iterator))
20 : 37 : 16 [error] <socket> : TypeError: undefined is not iterable (cannot read property Symbol(Symbol.iterator))
20 : 37 : 17 [error] <socket> : TypeError: undefined is not iterable (cannot read property Symbol(Symbol.iterator))
20 : 37 : 19 [error] <socket> : TypeError: Cannot read properties of undefined (reading 'find')
20 : 37 : 25 [error] <socket> : TypeError: undefined is not iterable (cannot read property Symbol(Symbol.iterator))
20 : 37 : 26 [error] <socket> : TypeError: undefined is not iterable (cannot read property Symbol(Symbol.iterator))
20 : 37 : 26 [error] <socket> : TypeError: undefined is not iterable (cannot read property Symbol(Symbol.iterator))
20 : 37 : 26 [error] <socket> : TypeError: undefined is not iterable (cannot read property Symbol(Symbol.iterator))
20 : 37 : 26 [error] <socket> : TypeError: undefined is not iterable (cannot read property Symbol(Symbol.iterator))
20 : 37 : 27 [error] <socket> : TypeError: undefined is not iterable (cannot read property Symbol(Symbol.iterator))
20 : 37 : 33 [error] <socket> : TypeError: undefined is not iterable (cannot read property Symbol(Symbol.iterator))
20 : 37 : 34 [error] <socket> : TypeError: undefined is not iterable (cannot read property Symbol(Symbol.iterator))
20 : 37 : 34 [error] <socket> : TypeError: undefined is not iterable (cannot read property Symbol(Symbol.iterator))
21 : 24 : 56 [error] <socket> : TypeError: undefined is not iterable (cannot read property Symbol(Symbol.iterator))
21 : 24 : 57 [error] <socket> : TypeError: undefined is not iterable (cannot read property Symbol(Symbol.iterator))
